\BOOKMARK [0][-]{chapter.1}{LEVEL 1 @Problem 1 - 25}{}% 1
\BOOKMARK [1][-]{section.1.1}{Problem 001 - Multiples of 3 and 5}{chapter.1}% 2
\BOOKMARK [1][-]{section.1.2}{Problem 002 - Even Fibonacci numbers}{chapter.1}% 3
\BOOKMARK [1][-]{section.1.3}{Problem 003 - Largest prime factor}{chapter.1}% 4
\BOOKMARK [1][-]{section.1.4}{Problem 004 - Largest palindrome product}{chapter.1}% 5
\BOOKMARK [1][-]{section.1.5}{Problem 005 - Smallest multiple}{chapter.1}% 6
\BOOKMARK [1][-]{section.1.6}{Problem 006 - Sum square difference}{chapter.1}% 7
\BOOKMARK [1][-]{section.1.7}{Problem 007 - 10001st prime}{chapter.1}% 8
\BOOKMARK [1][-]{section.1.8}{Problem 008 - Largest product in a series}{chapter.1}% 9
\BOOKMARK [1][-]{section.1.9}{Problem 009 - Special Pythagorean triplet}{chapter.1}% 10
\BOOKMARK [1][-]{section.1.10}{Problem 010 - Summation of primes}{chapter.1}% 11
\BOOKMARK [1][-]{section.1.11}{Problem 011 - Largest product in a grid}{chapter.1}% 12
\BOOKMARK [1][-]{section.1.12}{Problem 012 - Highly divisible triangular number}{chapter.1}% 13
\BOOKMARK [1][-]{section.1.13}{Problem 013 - Large sum}{chapter.1}% 14
\BOOKMARK [1][-]{section.1.14}{Problem 014 - Longest Collatz sequence}{chapter.1}% 15
\BOOKMARK [1][-]{section.1.15}{Problem 015 - Lattice paths}{chapter.1}% 16
\BOOKMARK [1][-]{section.1.16}{Problem 016 - Power digit sum}{chapter.1}% 17
\BOOKMARK [1][-]{section.1.17}{Problem 017}{chapter.1}% 18
\BOOKMARK [1][-]{section.1.18}{Problem 018}{chapter.1}% 19
\BOOKMARK [1][-]{section.1.19}{Problem 019}{chapter.1}% 20
\BOOKMARK [1][-]{section.1.20}{Problem 020}{chapter.1}% 21
\BOOKMARK [1][-]{section.1.21}{Problem 021}{chapter.1}% 22
\BOOKMARK [1][-]{section.1.22}{Problem 022}{chapter.1}% 23
\BOOKMARK [1][-]{section.1.23}{Problem 023}{chapter.1}% 24
\BOOKMARK [1][-]{section.1.24}{Problem 024}{chapter.1}% 25
\BOOKMARK [1][-]{section.1.25}{Problem 025}{chapter.1}% 26
\BOOKMARK [0][-]{chapter.2}{LEVEL 2 @Problem 26 - 50}{}% 27
\BOOKMARK [1][-]{section.2.1}{Problem 026}{chapter.2}% 28
\BOOKMARK [0][-]{chapter.3}{LEVEL 3 @Problem 51 - 75}{}% 29
\BOOKMARK [1][-]{section.3.1}{Problem 051}{chapter.3}% 30
\BOOKMARK [0][-]{chapter.4}{LEVEL 4 @Problem 76 - 100}{}% 31
\BOOKMARK [1][-]{section.4.1}{Problem 076}{chapter.4}% 32
\BOOKMARK [0][-]{chapter.5}{LEVEL 5 @Problem 101 - 125}{}% 33
\BOOKMARK [1][-]{section.5.1}{Problem 101}{chapter.5}% 34
\BOOKMARK [0][-]{chapter.6}{LEVEL 6 @Problem 126 - 150}{}% 35
\BOOKMARK [1][-]{section.6.1}{Problem 126}{chapter.6}% 36
\BOOKMARK [0][-]{chapter.7}{LEVEL 7 @Problem 151 - 175}{}% 37
\BOOKMARK [1][-]{section.7.1}{Problem 051}{chapter.7}% 38
\BOOKMARK [0][-]{chapter.8}{LEVEL 8 @Problem 176 - 200}{}% 39
\BOOKMARK [1][-]{section.8.1}{Problem 051}{chapter.8}% 40
\BOOKMARK [0][-]{chapter.9}{LEVEL 9 @Problem 201 - 225}{}% 41
\BOOKMARK [1][-]{section.9.1}{Problem 051}{chapter.9}% 42
\BOOKMARK [0][-]{chapter.10}{LEVEL 10 @Problem 226 - 250}{}% 43
\BOOKMARK [1][-]{section.10.1}{Problem 051}{chapter.10}% 44
\BOOKMARK [0][-]{chapter.11}{LEVEL 11 @Problem 251 - 275}{}% 45
\BOOKMARK [1][-]{section.11.1}{Problem 051}{chapter.11}% 46
\BOOKMARK [0][-]{chapter.12}{LEVEL 12 @Problem 276 - 300}{}% 47
\BOOKMARK [1][-]{section.12.1}{Problem 051}{chapter.12}% 48
\BOOKMARK [0][-]{chapter.13}{LEVEL 13 @Problem 301 - 325}{}% 49
\BOOKMARK [1][-]{section.13.1}{Problem 301}{chapter.13}% 50
\BOOKMARK [0][-]{chapter.14}{LEVEL 14 @Problem 326 - 350}{}% 51
\BOOKMARK [1][-]{section.14.1}{Problem 326}{chapter.14}% 52
\BOOKMARK [0][-]{chapter.15}{LEVEL 15 @Problem 351 - 375}{}% 53
\BOOKMARK [1][-]{section.15.1}{Problem 351}{chapter.15}% 54
\BOOKMARK [0][-]{chapter.16}{LEVEL 16 @Problem 376 - 400}{}% 55
\BOOKMARK [1][-]{section.16.1}{Problem 051}{chapter.16}% 56
\BOOKMARK [0][-]{chapter.17}{LEVEL 17 @Problem 401 - 425}{}% 57
\BOOKMARK [1][-]{section.17.1}{Problem 401}{chapter.17}% 58
\BOOKMARK [0][-]{chapter.18}{LEVEL 18 @Problem 426 - 450}{}% 59
\BOOKMARK [1][-]{section.18.1}{Problem 426}{chapter.18}% 60
\BOOKMARK [0][-]{chapter.19}{LEVEL 19 @Problem 451 - 475}{}% 61
\BOOKMARK [1][-]{section.19.1}{Problem 451}{chapter.19}% 62
\BOOKMARK [0][-]{chapter.20}{LEVEL 19+ @Problem 475+}{}% 63
\BOOKMARK [1][-]{section.20.1}{Problem 476}{chapter.20}% 64
